<?xml version="1.0" encoding="UTF-8"?>
<testng-results ignored="0" total="1" passed="1" failed="0" skipped="0">
  <reporter-output>
  </reporter-output>
  <suite started-at="2022-06-02T09:58:04Z" name="opencart" finished-at="2022-06-02T09:58:52Z" duration-ms="47658">
    <groups>
    </groups>
    <test started-at="2022-06-02T09:58:04Z" name="test" finished-at="2022-06-02T09:58:52Z" duration-ms="47658">
      <class name="com.opencart.testCases.TC_LG_002">
        <test-method is-config="true" signature="setup(java.lang.String)[pri:0, instance:com.opencart.testCases.TC_LG_002@15bbf42f]" started-at="2022-06-02T09:58:05Z" name="setup" finished-at="2022-06-02T09:58:29Z" duration-ms="24364" status="PASS">
          <params>
            <param index="0">
              <value>
                <![CDATA[Chrome]]>
              </value>
            </param>
          </params>
          <reporter-output>
          </reporter-output>
        </test-method> <!-- setup -->
        <test-method signature="logout()[pri:0, instance:com.opencart.testCases.TC_LG_002@15bbf42f]" started-at="2022-06-02T09:58:29Z" name="logout" finished-at="2022-06-02T09:58:51Z" duration-ms="21764" status="PASS">
          <reporter-output>
          </reporter-output>
        </test-method> <!-- logout -->
        <test-method is-config="true" signature="tearDown()[pri:0, instance:com.opencart.testCases.TC_LG_002@15bbf42f]" started-at="2022-06-02T09:58:51Z" name="tearDown" finished-at="2022-06-02T09:58:52Z" duration-ms="1039" status="PASS">
          <reporter-output>
          </reporter-output>
        </test-method> <!-- tearDown -->
      </class> <!-- com.opencart.testCases.TC_LG_002 -->
    </test> <!-- test -->
  </suite> <!-- opencart -->
</testng-results>
